[2023-11-04 09:44:39] START
[2023-11-04 10:15:17] CREATE basics.py: 0
[2023-11-04 10:17:04] EDIT test_project/controllers/basics.py: 3
[2023-11-04 10:18:00] CREATE basics/helloworl.html: 0
[2023-11-04 10:19:09] EDIT test_project/views/basics/helloworl.html: 0
[2023-11-04 10:35:28] CREATE basics/request.html: 0
[2023-11-04 10:36:23] EDIT test_project/views/basics/request.html: 0
[2023-11-04 10:50:25] EDIT test_project/views/basics/request.html: 0
[2023-11-04 11:03:46] DELETE test_project/views/basics/request.html: -3
[2023-11-04 11:04:30] CREATE basics/request_argument.html: 0
[2023-11-04 11:18:52] EDIT test_project/views/basics/request_argument.html: 0
[2023-11-04 11:31:07] EDIT test_project/controllers/basics.py: 0
[2023-11-04 13:01:39] EDIT test_project/controllers/basics.py: 0
[2023-11-04 13:06:28] EDIT test_project/controllers/basics.py: 10
[2023-11-04 13:06:58] EDIT test_project/controllers/basics.py: 0
[2023-11-04 13:09:48] EDIT test_project/controllers/basics.py: 0
[2023-11-04 13:12:11] EDIT test_project/controllers/basics.py: -11
[2023-11-04 13:14:19] EDIT test_project/controllers/basics.py: 0
[2023-11-04 13:15:21] EDIT test_project/controllers/basics.py: 1
[2023-11-04 13:15:37] EDIT test_project/controllers/basics.py: 0
